<?xml version="1.0" encoding="UTF-8"?>
<!-- Generated by org.testng.reporters.JUnitReportReporter -->
<testsuite hostname="L34481WIN" name="com.bazinga.pom.testcases.Practice.ReadAllFiles" tests="1" failures="0" timestamp="25 Apr 2020 07:17:10 GMT" time="0.016" errors="0">
  <testcase name="readFile" time="0.016" classname="com.bazinga.pom.testcases.Practice.ReadAllFiles"/>
</testsuite> <!-- com.bazinga.pom.testcases.Practice.ReadAllFiles -->
