<?xml version="1.0" encoding="UTF-8"?>
<!-- Generated by org.testng.reporters.JUnitReportReporter -->
<testsuite hostname="L34481WIN" name="com.bazinga.pom.testcases.Practice.ChromeHeadless" tests="1" failures="0" timestamp="25 Apr 2020 07:02:21 GMT" time="7.150" errors="0">
  <testcase name="headlessScreenShot" time="7.150" classname="com.bazinga.pom.testcases.Practice.ChromeHeadless"/>
</testsuite> <!-- com.bazinga.pom.testcases.Practice.ChromeHeadless -->
