<?xml version="1.0" encoding="UTF-8"?>
<!-- Generated by org.testng.reporters.JUnitReportReporter -->
<testsuite hostname="L34481WIN" name="com.bazinga.pom.testcases.JavaSE_Test" tests="1" failures="0" timestamp="16 Apr 2020 17:41:54 GMT" time="9.837" errors="0">
  <testcase name="Login" time="9.837" classname="com.bazinga.pom.testcases.JavaSE_Test"/>
</testsuite> <!-- com.bazinga.pom.testcases.JavaSE_Test -->
