<?xml version="1.0" encoding="UTF-8"?>
<!-- Generated by org.testng.reporters.JUnitReportReporter -->
<testsuite hostname="L34481WIN" name="com.bazinga.pom.testcases.AmericanGolf" tests="1" failures="0" timestamp="14 Apr 2020 15:00:53 GMT" time="14.218" errors="0">
  <testcase name="putters" time="14.218" classname="com.bazinga.pom.testcases.AmericanGolf"/>
</testsuite> <!-- com.bazinga.pom.testcases.AmericanGolf -->
