<?xml version="1.0" encoding="UTF-8"?>
<!-- Generated by org.testng.reporters.JUnitReportReporter -->
<testsuite hostname="L34481WIN" name="com.bazinga.pom.testcases.TableRowsColumns" tests="1" failures="0" timestamp="25 Apr 2020 07:41:20 GMT" time="23.267" errors="0">
  <testcase name="doTableTest" time="23.267" classname="com.bazinga.pom.testcases.TableRowsColumns"/>
</testsuite> <!-- com.bazinga.pom.testcases.TableRowsColumns -->
