<?xml version="1.0" encoding="UTF-8"?>
<!-- Generated by org.testng.reporters.JUnitReportReporter -->
<testsuite hostname="L34481WIN" name="com.bazinga.pom.testcases.ActionsCLs" tests="1" failures="0" timestamp="21 Apr 2020 11:11:07 GMT" time="52.985" errors="0">
  <testcase name="drgdrop" time="52.985" classname="com.bazinga.pom.testcases.ActionsCLs"/>
</testsuite> <!-- com.bazinga.pom.testcases.ActionsCLs -->
