<?xml version="1.0" encoding="UTF-8"?>
<!-- Generated by org.testng.reporters.JUnitReportReporter -->
<testsuite hostname="L34481WIN" name="com.bazinga.pom.testcases.ExceWork" tests="1" failures="0" timestamp="25 Apr 2020 06:54:59 GMT" time="0.484" errors="0">
  <testcase name="exelWork" time="0.484" classname="com.bazinga.pom.testcases.ExceWork"/>
</testsuite> <!-- com.bazinga.pom.testcases.ExceWork -->
