<?xml version="1.0" encoding="UTF-8"?>
<!-- Generated by org.testng.reporters.JUnitReportReporter -->
<testsuite hostname="L34481WIN" name="com.bazinga.pom.testcases.ChromeHeadless_Screenshot" tests="1" failures="0" timestamp="12 Apr 2020 17:34:04 GMT" time="0.296" errors="0">
  <testcase name="logoCheck" time="0.296" classname="com.bazinga.pom.testcases.ChromeHeadless_Screenshot"/>
</testsuite> <!-- com.bazinga.pom.testcases.ChromeHeadless_Screenshot -->
