<?xml version="1.0" encoding="UTF-8"?>
<!-- Generated by org.testng.reporters.JUnitReportReporter -->
<testsuite hostname="L34481WIN" name="com.bazinga.pom.testcases.JSMain" tests="1" failures="0" timestamp="16 Apr 2020 18:32:24 GMT" time="8.751" errors="0">
  <testcase name="js_exec" time="8.751" classname="com.bazinga.pom.testcases.JSMain"/>
</testsuite> <!-- com.bazinga.pom.testcases.JSMain -->
