<?xml version="1.0" encoding="UTF-8"?>
<!-- Generated by org.testng.reporters.JUnitReportReporter -->
<testsuite hostname="L34481WIN" name="com.bazinga.pom.testcases.ExcelWork" tests="1" failures="0" timestamp="25 Apr 2020 05:17:58 GMT" time="0.572" errors="0">
  <testcase name="excelCheck" time="0.572" classname="com.bazinga.pom.testcases.ExcelWork"/>
</testsuite> <!-- com.bazinga.pom.testcases.ExcelWork -->
