<?xml version="1.0" encoding="UTF-8"?>
<!-- Generated by org.testng.reporters.JUnitReportReporter -->
<testsuite hostname="L34481WIN" name="com.bazinga.pom.testcases.GoogleSearch" tests="1" failures="0" timestamp="14 Apr 2020 13:15:25 GMT" time="6.479" errors="0">
  <testcase name="yahoo" time="6.479" classname="com.bazinga.pom.testcases.GoogleSearch"/>
</testsuite> <!-- com.bazinga.pom.testcases.GoogleSearch -->
