<?xml version="1.0" encoding="UTF-8"?>
<!-- Generated by org.testng.reporters.JUnitReportReporter -->
<testsuite hostname="L34481WIN" name="com.bazinga.pom.demo.ParallelTest" tests="3" failures="0" timestamp="27 Apr 2020 14:37:06 GMT" time="45.582" errors="0">
  <testcase name="Test1" time="17.939" classname="com.bazinga.pom.demo.ParallelTest"/>
  <testcase name="Test3" time="12.617" classname="com.bazinga.pom.demo.ParallelTest"/>
  <testcase name="Test2" time="15.026" classname="com.bazinga.pom.demo.ParallelTest"/>
</testsuite> <!-- com.bazinga.pom.demo.ParallelTest -->
