<?xml version="1.0" encoding="UTF-8"?>
<!-- Generated by org.testng.reporters.JUnitReportReporter -->
<testsuite hostname="L34481WIN" name="com.bazinga.pom.testcases.NaukriTest" tests="1" failures="0" timestamp="14 Apr 2020 14:11:46 GMT" time="10.928" errors="0">
  <testcase name="Naukri" time="10.928" classname="com.bazinga.pom.testcases.NaukriTest"/>
</testsuite> <!-- com.bazinga.pom.testcases.NaukriTest -->
