<?xml version="1.0" encoding="UTF-8"?>
<!-- Generated by org.testng.reporters.JUnitReportReporter -->
<testsuite hostname="L34481WIN" name="com.bazinga.pom.testcases.temp" tests="1" failures="0" timestamp="9 Mar 2020 13:39:44 GMT" time="8.372" errors="0">
  <testcase name="launchfb" time="8.372" classname="com.bazinga.pom.testcases.temp"/>
</testsuite> <!-- com.bazinga.pom.testcases.temp -->
