<?xml version="1.0" encoding="UTF-8"?>
<!-- Generated by org.testng.reporters.JUnitReportReporter -->
<testsuite hostname="L34481WIN" name="com.bazinga.pom.Zones.RedGreenOrange" tests="1" failures="0" timestamp="1 May 2020 13:04:55 GMT" time="56.782" errors="0">
  <testcase name="zonesTest" time="56.782" classname="com.bazinga.pom.Zones.RedGreenOrange"/>
</testsuite> <!-- com.bazinga.pom.Zones.RedGreenOrange -->
