<?xml version="1.0" encoding="UTF-8"?>
<!-- Generated by org.testng.reporters.JUnitReportReporter -->
<testsuite hostname="L34481WIN" name="com.bazinga.pom.testcases.headless" tests="1" failures="0" timestamp="13 Apr 2020 08:08:17 GMT" time="7.366" errors="0">
  <testcase name="doHeadLess" time="7.366" classname="com.bazinga.pom.testcases.headless"/>
</testsuite> <!-- com.bazinga.pom.testcases.headless -->
